<?xml version="1.0" encoding="UTF-8"?>
<testsuite name="com.webage.PurchaseRepositoryTests" tests="1" skipped="0" failures="0" errors="0" timestamp="2025-08-11T18:43:57" hostname="LABPC" time="1.013">
  <properties/>
  <testcase name="testSaveAndFind(PurchaseRepository)" classname="com.webage.PurchaseRepositoryTests" time="1.013"/>
  <system-out><![CDATA[14:43:51.934 [Test worker] INFO org.springframework.test.context.support.AnnotationConfigContextLoaderUtils -- Could not detect default configuration classes for test class [com.webage.PurchaseRepositoryTests]: PurchaseRepositoryTests does not declare any static, non-private, non-final, nested classes annotated with @Configuration.
14:43:52.206 [Test worker] INFO org.springframework.boot.test.context.SpringBootTestContextBootstrapper -- Found @SpringBootConfiguration com.webage.App for test class com.webage.PurchaseRepositoryTests

  .   ____          _            __ _ _
 /\\ / ___'_ __ _ _(_)_ __  __ _ \ \ \ \
( ( )\___ | '_ | '_| | '_ \/ _` | \ \ \ \
 \\/  ___)| |_)| | | | | || (_| |  ) ) ) )
  '  |____| .__|_| |_|_| |_\__, | / / / /
 =========|_|==============|___/=/_/_/_/

 :: Spring Boot ::                (v3.4.4)

2025-08-11T14:43:53.056-04:00  INFO 9632 --- [    Test worker] com.webage.PurchaseRepositoryTests       : Starting PurchaseRepositoryTests using Java 21.0.5 with PID 9632 (started by labadmin in C:\LabFiles\WA2511\spring-boot-jpa\jpa-starter)
2025-08-11T14:43:53.059-04:00  INFO 9632 --- [    Test worker] com.webage.PurchaseRepositoryTests       : No active profile set, falling back to 1 default profile: "default"
2025-08-11T14:43:53.846-04:00  INFO 9632 --- [    Test worker] .s.d.r.c.RepositoryConfigurationDelegate : Bootstrapping Spring Data JPA repositories in DEFAULT mode.
2025-08-11T14:43:53.948-04:00  INFO 9632 --- [    Test worker] .s.d.r.c.RepositoryConfigurationDelegate : Finished Spring Data repository scanning in 87 ms. Found 1 JPA repository interface.
2025-08-11T14:43:54.053-04:00  INFO 9632 --- [    Test worker] beddedDataSourceBeanFactoryPostProcessor : Replacing 'dataSource' DataSource bean with embedded version
2025-08-11T14:43:54.213-04:00  INFO 9632 --- [    Test worker] o.s.j.d.e.EmbeddedDatabaseFactory        : Starting embedded database: url='jdbc:hsqldb:mem:a8cde44a-8fe2-4c65-bbed-47f06c5c2ea8', username='sa'
2025-08-11T14:43:54.878-04:00  INFO 9632 --- [    Test worker] o.hibernate.jpa.internal.util.LogHelper  : HHH000204: Processing PersistenceUnitInfo [name: default]
2025-08-11T14:43:54.958-04:00  INFO 9632 --- [    Test worker] org.hibernate.Version                    : HHH000412: Hibernate ORM core version 6.6.11.Final
2025-08-11T14:43:55.053-04:00  INFO 9632 --- [    Test worker] o.h.c.internal.RegionFactoryInitiator    : HHH000026: Second-level cache disabled
2025-08-11T14:43:55.562-04:00  INFO 9632 --- [    Test worker] o.s.o.j.p.SpringPersistenceUnitInfo      : No LoadTimeWeaver setup: ignoring JPA class transformer
2025-08-11T14:43:55.729-04:00  INFO 9632 --- [    Test worker] org.hibernate.orm.connections.pooling    : HHH10001005: Database info:
	Database JDBC URL [Connecting through datasource 'org.springframework.jdbc.datasource.embedded.EmbeddedDatabaseFactory$EmbeddedDataSourceProxy@59ec7020']
	Database driver: undefined/unknown
	Database version: 2.7.3
	Autocommit mode: undefined/unknown
	Isolation level: undefined/unknown
	Minimum pool size: undefined/unknown
	Maximum pool size: undefined/unknown
2025-08-11T14:43:57.185-04:00  INFO 9632 --- [    Test worker] o.h.e.t.j.p.i.JtaPlatformInitiator       : HHH000489: No JTA platform available (set 'hibernate.transaction.jta.platform' to enable JTA platform integration)
2025-08-11T14:43:57.198-04:00  INFO 9632 --- [    Test worker] j.LocalContainerEntityManagerFactoryBean : Initialized JPA EntityManagerFactory for persistence unit 'default'
2025-08-11T14:43:57.710-04:00  INFO 9632 --- [    Test worker] com.webage.PurchaseRepositoryTests       : Started PurchaseRepositoryTests in 5.358 seconds (process running for 7.468)
Hibernate: 
    select
        c1_0.id,
        c1_0.email,
        c1_0.customer_name 
    from
        customers c1_0 
    where
        c1_0.id=?
Hibernate: 
    insert 
    into
        purchases
        (customer_id, product, purchase_date, id) 
    values
        (?, ?, ?, default)
Hibernate: 
    select
        p1_0.id,
        c1_0.id,
        c1_0.email,
        c1_0.customer_name,
        p1_0.product,
        p1_0.purchase_date 
    from
        purchases p1_0 
    left join
        customers c1_0 
            on c1_0.id=p1_0.customer_id 
    where
        p1_0.id=?
]]></system-out>
  <system-err><![CDATA[Mockito is currently self-attaching to enable the inline-mock-maker. This will no longer work in future releases of the JDK. Please add Mockito as an agent to your build what is described in Mockito's documentation: https://javadoc.io/doc/org.mockito/mockito-core/latest/org/mockito/Mockito.html#0.3
WARNING: A Java agent has been loaded dynamically (C:\Users\labadmin\.gradle\caches\modules-2\files-2.1\net.bytebuddy\byte-buddy-agent\1.15.11\a38b16385e867f59a641330f0362ebe742788ed8\byte-buddy-agent-1.15.11.jar)
WARNING: If a serviceability tool is in use, please run with -XX:+EnableDynamicAgentLoading to hide this warning
WARNING: If a serviceability tool is not in use, please run with -Djdk.instrument.traceUsage for more information
WARNING: Dynamic loading of agents will be disallowed by default in a future release
]]></system-err>
</testsuite>
