<?xml version="1.0" encoding="UTF-8"?>
<testsuite name="com.webage.web.AuthControllerTest" tests="2" skipped="0" failures="0" errors="0" timestamp="2025-08-12T17:48:14" hostname="LABPC" time="1.592">
  <properties/>
  <testcase name="tokenWhenAuthenticatedThenValidJwt()" classname="com.webage.web.AuthControllerTest" time="1.562"/>
  <testcase name="tokenWhenUnauthenticatedThen401()" classname="com.webage.web.AuthControllerTest" time="0.025"/>
  <system-out><![CDATA[13:48:11.877 [Test worker] INFO org.springframework.test.context.support.AnnotationConfigContextLoaderUtils -- Could not detect default configuration classes for test class [com.webage.web.AuthControllerTest]: AuthControllerTest does not declare any static, non-private, non-final, nested classes annotated with @Configuration.
13:48:12.065 [Test worker] INFO org.springframework.boot.test.context.SpringBootTestContextBootstrapper -- Found @SpringBootConfiguration com.webage.App for test class com.webage.web.AuthControllerTest

  .   ____          _            __ _ _
 /\\ / ___'_ __ _ _(_)_ __  __ _ \ \ \ \
( ( )\___ | '_ | '_| | '_ \/ _` | \ \ \ \
 \\/  ___)| |_)| | | | | || (_| |  ) ) ) )
  '  |____| .__|_| |_|_| |_\__, | / / / /
 =========|_|==============|___/=/_/_/_/

 :: Spring Boot ::                (v3.4.4)

2025-08-12T13:48:12.734-04:00  INFO 3660 --- [    Test worker] com.webage.web.AuthControllerTest        : Starting AuthControllerTest using Java 21.0.5 with PID 3660 (started by labadmin in C:\LabFiles\WA2511\spring-boot-security-jwt\starters\spring-boot-security-auth-server)
2025-08-12T13:48:12.734-04:00  INFO 3660 --- [    Test worker] com.webage.web.AuthControllerTest        : No active profile set, falling back to 1 default profile: "default"
2025-08-12T13:48:13.994-04:00  INFO 3660 --- [    Test worker] r$InitializeUserDetailsManagerConfigurer : Global AuthenticationManager configured with UserDetailsService bean with name users
2025-08-12T13:48:14.752-04:00  INFO 3660 --- [    Test worker] o.s.b.t.m.w.SpringBootMockServletContext : Initializing Spring TestDispatcherServlet ''
2025-08-12T13:48:14.752-04:00  INFO 3660 --- [    Test worker] o.s.t.web.servlet.TestDispatcherServlet  : Initializing Servlet ''
2025-08-12T13:48:14.752-04:00  INFO 3660 --- [    Test worker] o.s.t.web.servlet.TestDispatcherServlet  : Completed initialization in 0 ms
2025-08-12T13:48:14.799-04:00  INFO 3660 --- [    Test worker] com.webage.web.AuthControllerTest        : Started AuthControllerTest in 2.48 seconds (process running for 4.162)
]]></system-out>
  <system-err><![CDATA[Mockito is currently self-attaching to enable the inline-mock-maker. This will no longer work in future releases of the JDK. Please add Mockito as an agent to your build what is described in Mockito's documentation: https://javadoc.io/doc/org.mockito/mockito-core/latest/org/mockito/Mockito.html#0.3
WARNING: A Java agent has been loaded dynamically (C:\Users\labadmin\.gradle\caches\modules-2\files-2.1\net.bytebuddy\byte-buddy-agent\1.15.11\a38b16385e867f59a641330f0362ebe742788ed8\byte-buddy-agent-1.15.11.jar)
WARNING: If a serviceability tool is in use, please run with -XX:+EnableDynamicAgentLoading to hide this warning
WARNING: If a serviceability tool is not in use, please run with -Djdk.instrument.traceUsage for more information
WARNING: Dynamic loading of agents will be disallowed by default in a future release
]]></system-err>
</testsuite>
